2026-02-26 20:53:42.634 PKT [8648] LOG:  starting PostgreSQL 18.2 on x86_64-windows, compiled by msvc-19.44.35222, 64-bit
2026-02-26 20:53:42.636 PKT [8648] LOG:  could not bind IPv6 address "::": Only one usage of each socket address (protocol/network address/port) is normally permitted.
	
2026-02-26 20:53:42.636 PKT [8648] HINT:  Is another postmaster already running on port 5432? If not, wait a few seconds and retry.
2026-02-26 20:53:42.637 PKT [8648] LOG:  could not bind IPv4 address "0.0.0.0": Only one usage of each socket address (protocol/network address/port) is normally permitted.
	
2026-02-26 20:53:42.637 PKT [8648] HINT:  Is another postmaster already running on port 5432? If not, wait a few seconds and retry.
2026-02-26 20:53:42.637 PKT [8648] WARNING:  could not create listen socket for "*"
2026-02-26 20:53:42.637 PKT [8648] FATAL:  could not create any TCP/IP sockets
2026-02-26 20:53:42.640 PKT [8648] LOG:  database system is shut down
2026-02-26 20:55:07.908 PKT [17980] LOG:  starting PostgreSQL 18.2 on x86_64-windows, compiled by msvc-19.44.35222, 64-bit
2026-02-26 20:55:07.909 PKT [17980] LOG:  listening on IPv6 address "::", port 5432
2026-02-26 20:55:07.909 PKT [17980] LOG:  listening on IPv4 address "0.0.0.0", port 5432
2026-02-26 20:55:07.980 PKT [16128] LOG:  database system was shut down at 2026-02-26 20:52:20 PKT
2026-02-26 20:55:07.998 PKT [17980] LOG:  database system is ready to accept connections
2026-02-26 20:56:17.797 PKT [18460] LOG:  checkpoint starting: force wait
2026-02-26 20:56:18.263 PKT [18460] LOG:  checkpoint complete: wrote 4 buffers (0.0%), wrote 3 SLRU buffers; 0 WAL file(s) added, 0 removed, 0 recycled; write=0.430 s, sync=0.024 s, total=0.467 s; sync files=6, longest=0.013 s, average=0.004 s; distance=8251 kB, estimate=8251 kB; lsn=0/20000B8, redo lsn=0/2000028
2026-02-26 20:56:32.196 PKT [18460] LOG:  checkpoint starting: force wait
2026-02-26 20:56:32.276 PKT [18460] LOG:  checkpoint complete: wrote 0 buffers (0.0%), wrote 0 SLRU buffers; 0 WAL file(s) added, 0 removed, 0 recycled; write=0.001 s, sync=0.001 s, total=0.081 s; sync files=0, longest=0.000 s, average=0.000 s; distance=16384 kB, estimate=16384 kB; lsn=0/3000080, redo lsn=0/3000028
2026-02-26 20:56:41.215 PKT [18460] LOG:  checkpoint starting: force wait
2026-02-26 20:56:41.299 PKT [18460] LOG:  checkpoint complete: wrote 0 buffers (0.0%), wrote 0 SLRU buffers; 0 WAL file(s) added, 0 removed, 0 recycled; write=0.001 s, sync=0.001 s, total=0.084 s; sync files=0, longest=0.000 s, average=0.000 s; distance=16384 kB, estimate=16384 kB; lsn=0/4000080, redo lsn=0/4000028
2026-02-26 21:01:41.301 PKT [18460] LOG:  checkpoint starting: time
2026-02-26 21:01:45.925 PKT [18460] LOG:  checkpoint complete: wrote 43 buffers (0.3%), wrote 1 SLRU buffers; 0 WAL file(s) added, 0 removed, 0 recycled; write=4.563 s, sync=0.029 s, total=4.624 s; sync files=10, longest=0.015 s, average=0.003 s; distance=16717 kB, estimate=16717 kB; lsn=0/50535B8, redo lsn=0/5053528
2026-02-26 21:13:22.024 PKT [17980] LOG:  received fast shutdown request
2026-02-26 21:13:22.037 PKT [17980] LOG:  aborting any active transactions
2026-02-26 21:13:22.044 PKT [17980] LOG:  background worker "logical replication launcher" (PID 7668) exited with exit code 1
2026-02-26 21:13:22.045 PKT [18460] LOG:  shutting down
2026-02-26 21:13:22.046 PKT [18460] LOG:  checkpoint starting: shutdown immediate
2026-02-26 21:13:22.566 PKT [18460] LOG:  checkpoint complete: wrote 994 buffers (6.1%), wrote 1 SLRU buffers; 0 WAL file(s) added, 0 removed, 0 recycled; write=0.083 s, sync=0.418 s, total=0.522 s; sync files=302, longest=0.013 s, average=0.002 s; distance=4672 kB, estimate=15512 kB; lsn=0/54E3880, redo lsn=0/54E3880
2026-02-26 21:13:23.435 PKT [17980] LOG:  database system is shut down
2026-02-26 21:15:52.876 PKT [9304] LOG:  starting PostgreSQL 18.2 on x86_64-windows, compiled by msvc-19.44.35222, 64-bit
2026-02-26 21:15:52.877 PKT [9304] LOG:  listening on IPv6 address "::", port 5432
2026-02-26 21:15:52.877 PKT [9304] LOG:  listening on IPv4 address "0.0.0.0", port 5432
2026-02-26 21:15:52.950 PKT [6060] LOG:  database system was shut down at 2026-02-26 21:13:22 PKT
2026-02-26 21:15:52.976 PKT [9304] LOG:  database system is ready to accept connections
2026-02-26 21:20:52.942 PKT [5884] LOG:  checkpoint starting: time
2026-02-26 21:20:52.973 PKT [5884] LOG:  checkpoint complete: wrote 0 buffers (0.0%), wrote 3 SLRU buffers; 0 WAL file(s) added, 0 removed, 0 recycled; write=0.004 s, sync=0.003 s, total=0.032 s; sync files=2, longest=0.002 s, average=0.002 s; distance=0 kB, estimate=0 kB; lsn=0/54E3988, redo lsn=0/54E3930
2026-02-26 21:32:47.375 PKT [9304] LOG:  client backend (PID 13300) was terminated by exception 0xC000013A
2026-02-26 21:32:47.375 PKT [9304] DETAIL:  Failed process was running: START_REPLICATION SLOT "replica3_slot" 0/5000000 TIMELINE 1
2026-02-26 21:32:47.375 PKT [9304] HINT:  See C include file "ntstatus.h" for a description of the hexadecimal value.
2026-02-26 21:32:47.375 PKT [9304] LOG:  terminating any other active server processes
2026-02-26 21:32:47.393 PKT [9304] LOG:  all server processes terminated; reinitializing
2026-02-26 21:32:47.470 PKT [23304] LOG:  database system was interrupted; last known up at 2026-02-26 21:20:52 PKT
2026-02-26 21:32:47.483 PKT [12032] FATAL:  the database system is in recovery mode
2026-02-26 21:32:47.505 PKT [9304] LOG:  received fast shutdown request
^C2026-02-26 21:32:47.769 PKT [23304] LOG:  database system was not properly shut down; automatic recovery in progress
2026-02-26 21:32:47.775 PKT [23304] LOG:  redo starts at 0/54E3930
